<?xml version="1.0" encoding="UTF-8"?>
<!-- Generated by org.testng.reporters.JUnitXMLReporter -->
<testsuite ignored="0" hostname="LAPTOP-0TC7TDR0" failures="0" tests="6" name="Surefire test" time="0.038" errors="0" timestamp="2021-06-27T16:54:03 IST">
  <testcase classname="qaclickacademy.AppiumTest" name="ElementMobileUI" time="0.003"/>
  <testcase classname="qaclickacademy.AppiumTest" name="browserMobileAutomation" time="0.0"/>
  <testcase classname="qaclickacademy.RestAPITest" name="ElementRestAPISeleniumUI" time="0.0"/>
  <testcase classname="qaclickacademy.RestAPITest" name="browserRestAPIAutomation" time="0.0"/>
  <testcase classname="qaclickacademy.SeleniumTest" name="ElementSeleniumUI" time="0.0"/>
  <testcase classname="qaclickacademy.SeleniumTest" name="browserSeleniumAutomation" time="0.001"/>
</testsuite> <!-- Surefire test -->
