<?xml version="1.0" encoding="UTF-8"?>
<!-- Generated by org.testng.reporters.JUnitXMLReporter -->
<testsuite ignored="0" hostname="LAPTOP-0TC7TDR0" failures="0" tests="3" name="Default test" time="4.322" errors="0" timestamp="2021-07-06T22:16:18 IST">
  <testcase classname="com.bank.main.test.AddCustomer" name="homePageTest" time="0.88"/>
  <testcase classname="com.bank.main.test.AddCustomer" name="openAccountTest" time="0.51"/>
  <testcase classname="com.bank.main.test.AddCustomer" name="searchCustomerTest" time="0.563"/>
</testsuite> <!-- Default test -->
