<?xml version="1.0" encoding="UTF-8"?>
<!-- Generated by org.testng.reporters.JUnitXMLReporter -->
<testsuite ignored="0" hostname="LAPTOP-0TC7TDR0" failures="0" tests="3" name="Test" time="6.123" errors="0" timestamp="2021-07-06T21:48:46 IST">
  <testcase classname="com.bank.main.test.AddCustomer" name="homePageTest" time="1.004"/>
  <testcase classname="com.bank.main.test.AddCustomer" name="openAccountTest" time="2.5"/>
  <testcase classname="com.bank.main.test.AddCustomer" name="searchCustomerTest" time="0.301"/>
</testsuite> <!-- Test -->
