<?xml version="1.0" encoding="UTF-8"?>
<!-- Generated by org.testng.reporters.JUnitXMLReporter -->
<testsuite ignored="0" hostname="LAPTOP-0TC7TDR0" failures="0" tests="2" name="sample test" time="9.663" errors="0" timestamp="2021-07-02T15:24:50 IST">
  <testcase classname="com.pack.common.test.HomePageTest" name="verifyHomePageFunction" time="0.519"/>
  <testcase classname="com.pack.common.test.CheckboxPageTest" name="verifyCheckboxPageFunction" time="1.155"/>
</testsuite> <!-- sample test -->
