<?xml version="1.0" encoding="UTF-8"?>
<testng-results ignored="0" total="6" passed="6" failed="0" skipped="0">
  <reporter-output>
  </reporter-output>
  <suite started-at="2021-06-27T16:54:03 IST" name="Surefire suite" finished-at="2021-06-27T16:54:03 IST" duration-ms="38">
    <groups>
    </groups>
    <test started-at="2021-06-27T16:54:03 IST" name="Surefire test" finished-at="2021-06-27T16:54:03 IST" duration-ms="38">
      <class name="qaclickacademy.AppiumTest">
        <test-method signature="ElementMobileUI()[pri:0, instance:qaclickacademy.AppiumTest@9d5509a]" started-at="2021-06-27T16:54:03 IST" name="ElementMobileUI" finished-at="2021-06-27T16:54:03 IST" duration-ms="3" status="PASS">
          <reporter-output>
          </reporter-output>
        </test-method> <!-- ElementMobileUI -->
        <test-method signature="browserMobileAutomation()[pri:0, instance:qaclickacademy.AppiumTest@9d5509a]" started-at="2021-06-27T16:54:03 IST" name="browserMobileAutomation" finished-at="2021-06-27T16:54:03 IST" duration-ms="0" status="PASS">
          <reporter-output>
          </reporter-output>
        </test-method> <!-- browserMobileAutomation -->
      </class> <!-- qaclickacademy.AppiumTest -->
      <class name="qaclickacademy.RestAPITest">
        <test-method signature="ElementRestAPISeleniumUI()[pri:0, instance:qaclickacademy.RestAPITest@55fe41ea]" started-at="2021-06-27T16:54:03 IST" name="ElementRestAPISeleniumUI" finished-at="2021-06-27T16:54:03 IST" duration-ms="0" status="PASS">
          <reporter-output>
          </reporter-output>
        </test-method> <!-- ElementRestAPISeleniumUI -->
        <test-method signature="browserRestAPIAutomation()[pri:0, instance:qaclickacademy.RestAPITest@55fe41ea]" started-at="2021-06-27T16:54:03 IST" name="browserRestAPIAutomation" finished-at="2021-06-27T16:54:03 IST" duration-ms="0" status="PASS">
          <reporter-output>
          </reporter-output>
        </test-method> <!-- browserRestAPIAutomation -->
      </class> <!-- qaclickacademy.RestAPITest -->
      <class name="qaclickacademy.SeleniumTest">
        <test-method signature="browserSeleniumAutomation()[pri:0, instance:qaclickacademy.SeleniumTest@fbd1f6]" started-at="2021-06-27T16:54:03 IST" name="browserSeleniumAutomation" finished-at="2021-06-27T16:54:03 IST" duration-ms="1" status="PASS">
          <reporter-output>
          </reporter-output>
        </test-method> <!-- browserSeleniumAutomation -->
        <test-method signature="ElementSeleniumUI()[pri:0, instance:qaclickacademy.SeleniumTest@fbd1f6]" started-at="2021-06-27T16:54:03 IST" name="ElementSeleniumUI" finished-at="2021-06-27T16:54:03 IST" duration-ms="0" status="PASS">
          <reporter-output>
          </reporter-output>
        </test-method> <!-- ElementSeleniumUI -->
      </class> <!-- qaclickacademy.SeleniumTest -->
    </test> <!-- Surefire test -->
  </suite> <!-- Surefire suite -->
</testng-results>
