<?xml version="1.0" encoding="UTF-8"?>
<testng-results ignored="0" total="3" passed="3" failed="0" skipped="0">
  <reporter-output>
  </reporter-output>
  <suite started-at="2021-07-06T22:16:14 IST" name="Default suite" finished-at="2021-07-06T22:16:18 IST" duration-ms="4322">
    <groups>
    </groups>
    <test started-at="2021-07-06T22:16:14 IST" name="Default test" finished-at="2021-07-06T22:16:18 IST" duration-ms="4322">
      <class name="com.bank.main.test.AddCustomer">
        <test-method is-config="true" signature="initializeTestBaseSetUp()[pri:0, instance:com.bank.main.test.AddCustomer@659499f1]" started-at="2021-07-06T22:16:14 IST" name="initializeTestBaseSetUp" finished-at="2021-07-06T22:16:16 IST" duration-ms="2109" status="PASS">
          <reporter-output>
          </reporter-output>
        </test-method> <!-- initializeTestBaseSetUp -->
        <test-method is-config="true" signature="setUp()[pri:0, instance:com.bank.main.test.AddCustomer@659499f1]" started-at="2021-07-06T22:16:16 IST" name="setUp" finished-at="2021-07-06T22:16:16 IST" duration-ms="0" status="PASS">
          <reporter-output>
          </reporter-output>
        </test-method> <!-- setUp -->
        <test-method signature="homePageTest()[pri:1, instance:com.bank.main.test.AddCustomer@659499f1]" started-at="2021-07-06T22:16:16 IST" name="homePageTest" finished-at="2021-07-06T22:16:17 IST" duration-ms="880" status="PASS">
          <reporter-output>
          </reporter-output>
        </test-method> <!-- homePageTest -->
        <test-method signature="openAccountTest()[pri:2, instance:com.bank.main.test.AddCustomer@659499f1]" started-at="2021-07-06T22:16:17 IST" name="openAccountTest" finished-at="2021-07-06T22:16:17 IST" duration-ms="510" status="PASS">
          <reporter-output>
          </reporter-output>
        </test-method> <!-- openAccountTest -->
        <test-method signature="searchCustomerTest()[pri:3, instance:com.bank.main.test.AddCustomer@659499f1]" started-at="2021-07-06T22:16:17 IST" name="searchCustomerTest" finished-at="2021-07-06T22:16:18 IST" duration-ms="563" status="PASS">
          <reporter-output>
          </reporter-output>
        </test-method> <!-- searchCustomerTest -->
        <test-method is-config="true" signature="tearDown()[pri:0, instance:com.bank.main.test.AddCustomer@659499f1]" started-at="2021-07-06T22:16:18 IST" name="tearDown" finished-at="2021-07-06T22:16:18 IST" duration-ms="204" status="PASS">
          <reporter-output>
          </reporter-output>
        </test-method> <!-- tearDown -->
      </class> <!-- com.bank.main.test.AddCustomer -->
    </test> <!-- Default test -->
  </suite> <!-- Default suite -->
</testng-results>
