<?xml version="1.0" encoding="UTF-8"?>
<!-- Generated by org.testng.reporters.JUnitXMLReporter -->
<testsuite ignored="0" hostname="LAPTOP-0TC7TDR0" failures="1" tests="3" name="TestNG logs sample" time="0.072" errors="0" timestamp="2021-07-01T19:29:43 IST">
  <testcase classname="com.example.logging.LoggingClass" name="methodAddingNumbers" time="0.009"/>
  <testcase classname="com.example.logging.LoggingClass" name="dividedByZero" time="0.002">
    <failure type="java.lang.ArithmeticException" message="/ by zero">
      <![CDATA[java.lang.ArithmeticException: / by zero
at com.example.logging.LoggingClass.dividedByZero(LoggingClass.java:14)
at java.base/java.util.ArrayList.forEach(ArrayList.java:1511)
... Removed 27 stack frames]]>
    </failure>
  </testcase> <!-- dividedByZero -->
  <testcase classname="com.example.logging.LoggingClass" name="methodSkip" time="0.001">
    <skipped/>
  </testcase> <!-- methodSkip -->
</testsuite> <!-- TestNG logs sample -->
